<?xml version="1.0" encoding="UTF-8"?>
<!-- Generated by org.testng.reporters.JUnitReportReporter -->
<testsuite skipped="0" hostname="Vivek-PC" name="com.test.testLayers.LoginTest" tests="1" failures="0" timestamp="15 Mar 2021 04:26:26 GMT" time="21.135" errors="0">
  <testcase name="loginTest" time="21.135" classname="com.test.testLayers.LoginTest"/>
</testsuite> <!-- com.test.testLayers.LoginTest -->
