<?xml version="1.0" encoding="UTF-8"?>
<!-- Generated by org.testng.reporters.JUnitReportReporter -->
<testsuite skipped="0" hostname="Vivek-PC" name="com.test.testLayers.LoginTest" tests="1" failures="0" timestamp="15 Mar 2021 11:28:29 GMT" time="20.584" errors="0">
  <testcase name="loginTest" time="20.584" classname="com.test.testLayers.LoginTest"/>
</testsuite> <!-- com.test.testLayers.LoginTest -->
