<?xml version="1.0" encoding="UTF-8"?>
<!-- Generated by org.testng.reporters.JUnitReportReporter -->
<testsuite skipped="0" hostname="Vivek-PC" name="com.test.testLayers.DashboardTest" tests="1" failures="0" timestamp="15 Mar 2021 12:17:06 GMT" time="32.436" errors="0">
  <testcase name="test" time="32.436" classname="com.test.testLayers.DashboardTest"/>
</testsuite> <!-- com.test.testLayers.DashboardTest -->
